This is XeTeX, Version 3.14159265-2.6-0.99991 (TeX Live 2014) (preloaded format=xelatex 2014.11.19)  5 FEB 2015 09:56
entering extended mode
 restricted \write18 enabled.
 %&-line parsing enabled.
**main.tex
(./main.tex
LaTeX2e <2014/05/01>
Babel <3.9l> and hyphenation patterns for 79 languages loaded.
(/usr/local/texlive/2014/texmf-dist/tex/latex/koma-script/scrreprt.cls
Document Class: scrreprt 2013/12/19 v3.12 KOMA-Script document class (report)
(/usr/local/texlive/2014/texmf-dist/tex/latex/koma-script/scrkbase.sty
Package: scrkbase 2013/12/19 v3.12 KOMA-Script package (KOMA-Script-dependent b
asics and keyval usage)

(/usr/local/texlive/2014/texmf-dist/tex/latex/koma-script/scrbase.sty
Package: scrbase 2013/12/19 v3.12 KOMA-Script package (KOMA-Script-independent 
basics and keyval usage)

(/usr/local/texlive/2014/texmf-dist/tex/latex/graphics/keyval.sty
Package: keyval 2014/10/28 v1.15 key=value parser (DPC)
\KV@toks@=\toks14
)
(/usr/local/texlive/2014/texmf-dist/tex/latex/koma-script/scrlfile.sty
Package: scrlfile 2013/12/19 v3.12 KOMA-Script package (loading files)

Package scrlfile, 2013/12/19 v3.12 KOMA-Script package (loading files)
                  Copyright (C) Markus Kohm

))) (/usr/local/texlive/2014/texmf-dist/tex/latex/koma-script/tocbasic.sty
Package: tocbasic 2013/12/19 v3.12 KOMA-Script package (handling toc-files)
)
Package tocbasic Info: omitting babel extension for `toc'
(tocbasic)             because of feature `nobabel' available
(tocbasic)             for `toc' on input line 117.
Package tocbasic Info: omitting babel extension for `lof'
(tocbasic)             because of feature `nobabel' available
(tocbasic)             for `lof' on input line 118.
Package tocbasic Info: omitting babel extension for `lot'
(tocbasic)             because of feature `nobabel' available
(tocbasic)             for `lot' on input line 119.
Package tocbasic Info: defining new hook before heading of `' on input line 112
3.
Package scrreprt Info: You've used standard option `12pt'.
(scrreprt)             This is correct!
(scrreprt)             Internally I'm using `fontsize=12pt'.
(scrreprt)             If you'd like to set the option with \KOMAoptions,
(scrreprt)             you'd have to use `fontsize=12pt' there
(scrreprt)             instead of `12pt', too.
Class scrreprt Info: File `scrsize12pt.clo' used to setup font sizes on input l
ine 1655.

(/usr/local/texlive/2014/texmf-dist/tex/latex/koma-script/scrsize12pt.clo
File: scrsize12pt.clo 2013/12/19 v3.12 KOMA-Script font size class option (12pt
)
)
(/usr/local/texlive/2014/texmf-dist/tex/latex/koma-script/typearea.sty
Package: typearea 2013/12/19 v3.12 KOMA-Script package (type area)

Package typearea, 2013/12/19 v3.12 KOMA-Script package (type area)
                  Copyright (C) Frank Neukam, 1992-1994
                  Copyright (C) Markus Kohm, 1994-

\ta@bcor=\skip41
\ta@div=\count80
Package typearea Info: You've used standard option `a4paper'.
(typearea)             This is correct!
(typearea)             Internally I'm using `paper=a4'.
(typearea)             If you'd like to set the option with \KOMAoptions,
(typearea)             you'd have to use `paper=a4' there
(typearea)             instead of `a4paper', too.
\ta@hblk=\skip42
\ta@vblk=\skip43
\ta@temp=\skip44
\footheight=\skip45
Package typearea Info: These are the values describing the layout:
(typearea)             DIV  = 14
(typearea)             BCOR = 28.45274pt
(typearea)             \paperwidth      = 597.50793pt
(typearea)              \textwidth      = 447.11482pt
(typearea)              DIV departure   = -6%
(typearea)              \evensidemargin = 17.15294pt
(typearea)              \oddsidemargin  = 17.15294pt
(typearea)             \paperheight     = 845.04694pt
(typearea)              \textheight     = 664.5pt
(typearea)              \topmargin      = -51.7845pt
(typearea)              \headheight     = 18.125pt
(typearea)              \headsep        = 21.75pt
(typearea)              \topskip        = 12.0pt
(typearea)              \footskip       = 50.75pt
(typearea)              \baselineskip   = 14.5pt
(typearea)              on input line 1330.
)
\c@part=\count81
\c@chapter=\count82
\c@section=\count83
\c@subsection=\count84
\c@subsubsection=\count85
\c@paragraph=\count86
\c@subparagraph=\count87
\abovecaptionskip=\skip46
\belowcaptionskip=\skip47
\c@pti@nb@sid@b@x=\box26
\c@figure=\count88
\c@table=\count89
\bibindent=\dimen102
) (/usr/local/texlive/2014/texmf-dist/tex/latex/paralist/paralist.sty
Package: paralist 2013/06/09 v2.4 Extended list environments
\pltopsep=\skip48
\plpartopsep=\skip49
\plitemsep=\skip50
\plparsep=\skip51
\pl@lab=\toks15
)
(/usr/local/texlive/2014/texmf-dist/tex/latex/amsmath/amsmath.sty
Package: amsmath 2013/01/14 v2.14 AMS math features
\@mathmargin=\skip52

For additional information on amsmath, use the `?' option.
(/usr/local/texlive/2014/texmf-dist/tex/latex/amsmath/amstext.sty
Package: amstext 2000/06/29 v2.01

(/usr/local/texlive/2014/texmf-dist/tex/latex/amsmath/amsgen.sty
File: amsgen.sty 1999/11/30 v2.0
\@emptytoks=\toks16
\ex@=\dimen103
))
(/usr/local/texlive/2014/texmf-dist/tex/latex/amsmath/amsbsy.sty
Package: amsbsy 1999/11/29 v1.2d
\pmbraise@=\dimen104
)
(/usr/local/texlive/2014/texmf-dist/tex/latex/amsmath/amsopn.sty
Package: amsopn 1999/12/14 v2.01 operator names
)
\inf@bad=\count90
LaTeX Info: Redefining \frac on input line 210.
\uproot@=\count91
\leftroot@=\count92
LaTeX Info: Redefining \overline on input line 306.
\classnum@=\count93
\DOTSCASE@=\count94
LaTeX Info: Redefining \ldots on input line 378.
LaTeX Info: Redefining \dots on input line 381.
LaTeX Info: Redefining \cdots on input line 466.
\Mathstrutbox@=\box27
\strutbox@=\box28
\big@size=\dimen105
LaTeX Font Info:    Redeclaring font encoding OML on input line 566.
LaTeX Font Info:    Redeclaring font encoding OMS on input line 567.
\macc@depth=\count95
\c@MaxMatrixCols=\count96
\dotsspace@=\muskip10
\c@parentequation=\count97
\dspbrk@lvl=\count98
\tag@help=\toks17
\row@=\count99
\column@=\count100
\maxfields@=\count101
\andhelp@=\toks18
\eqnshift@=\dimen106
\alignsep@=\dimen107
\tagshift@=\dimen108
\tagwidth@=\dimen109
\totwidth@=\dimen110
\lineht@=\dimen111
\@envbody=\toks19
\multlinegap=\skip53
\multlinetaggap=\skip54
\mathdisplay@stack=\toks20
LaTeX Info: Redefining \[ on input line 2665.
LaTeX Info: Redefining \] on input line 2666.
)
(/usr/local/texlive/2014/texmf-dist/tex/latex/multirow/multirow.sty
\bigstrutjot=\dimen112
)
(/usr/local/texlive/2014/texmf-dist/tex/latex/threeparttable/threeparttable.sty
Package: threeparttable 2003/06/13  v 3.0
\@tempboxb=\box29
) (/usr/local/texlive/2014/texmf-dist/tex/latex/booktabs/booktabs.sty
Package: booktabs 2005/04/14 v1.61803 publication quality tables
\heavyrulewidth=\dimen113
\lightrulewidth=\dimen114
\cmidrulewidth=\dimen115
\belowrulesep=\dimen116
\belowbottomsep=\dimen117
\aboverulesep=\dimen118
\abovetopsep=\dimen119
\cmidrulesep=\dimen120
\cmidrulekern=\dimen121
\defaultaddspace=\dimen122
\@cmidla=\count102
\@cmidlb=\count103
\@aboverulesep=\dimen123
\@belowrulesep=\dimen124
\@thisruleclass=\count104
\@lastruleclass=\count105
\@thisrulewidth=\dimen125
)
(/usr/local/texlive/2014/texmf-dist/tex/latex/lm/lmodern.sty
Package: lmodern 2009/10/30 v1.6 Latin Modern Fonts
LaTeX Font Info:    Overwriting symbol font `operators' in version `normal'
(Font)                  OT1/cmr/m/n --> OT1/lmr/m/n on input line 22.
LaTeX Font Info:    Overwriting symbol font `letters' in version `normal'
(Font)                  OML/cmm/m/it --> OML/lmm/m/it on input line 23.
LaTeX Font Info:    Overwriting symbol font `symbols' in version `normal'
(Font)                  OMS/cmsy/m/n --> OMS/lmsy/m/n on input line 24.
LaTeX Font Info:    Overwriting symbol font `largesymbols' in version `normal'
(Font)                  OMX/cmex/m/n --> OMX/lmex/m/n on input line 25.
LaTeX Font Info:    Overwriting symbol font `operators' in version `bold'
(Font)                  OT1/cmr/bx/n --> OT1/lmr/bx/n on input line 26.
LaTeX Font Info:    Overwriting symbol font `letters' in version `bold'
(Font)                  OML/cmm/b/it --> OML/lmm/b/it on input line 27.
LaTeX Font Info:    Overwriting symbol font `symbols' in version `bold'
(Font)                  OMS/cmsy/b/n --> OMS/lmsy/b/n on input line 28.
LaTeX Font Info:    Overwriting symbol font `largesymbols' in version `bold'
(Font)                  OMX/cmex/m/n --> OMX/lmex/m/n on input line 29.
LaTeX Font Info:    Overwriting math alphabet `\mathbf' in version `normal'
(Font)                  OT1/cmr/bx/n --> OT1/lmr/bx/n on input line 31.
LaTeX Font Info:    Overwriting math alphabet `\mathsf' in version `normal'
(Font)                  OT1/cmss/m/n --> OT1/lmss/m/n on input line 32.
LaTeX Font Info:    Overwriting math alphabet `\mathit' in version `normal'
(Font)                  OT1/cmr/m/it --> OT1/lmr/m/it on input line 33.
LaTeX Font Info:    Overwriting math alphabet `\mathtt' in version `normal'
(Font)                  OT1/cmtt/m/n --> OT1/lmtt/m/n on input line 34.
LaTeX Font Info:    Overwriting math alphabet `\mathbf' in version `bold'
(Font)                  OT1/cmr/bx/n --> OT1/lmr/bx/n on input line 35.
LaTeX Font Info:    Overwriting math alphabet `\mathsf' in version `bold'
(Font)                  OT1/cmss/bx/n --> OT1/lmss/bx/n on input line 36.
LaTeX Font Info:    Overwriting math alphabet `\mathit' in version `bold'
(Font)                  OT1/cmr/bx/it --> OT1/lmr/bx/it on input line 37.
LaTeX Font Info:    Overwriting math alphabet `\mathtt' in version `bold'
(Font)                  OT1/cmtt/m/n --> OT1/lmtt/m/n on input line 38.
)
(/usr/local/texlive/2014/texmf-dist/tex/generic/babel/babel.sty
Package: babel 2014/09/25 3.9l The Babel package

(/usr/local/texlive/2014/texmf-dist/tex/generic/babel-german/ngerman.ldf
Language: ngerman 2013/12/13 v2.7 German support for babel (new orthography)

(/usr/local/texlive/2014/texmf-dist/tex/generic/babel-german/ngermanb.ldf
Language: ngermanb 2013/12/13 v2.7 German support for babel (new orthography)

(/usr/local/texlive/2014/texmf-dist/tex/generic/babel/babel.def
File: babel.def 2014/09/25 3.9l Babel common definitions
\babel@savecnt=\count106
\U@D=\dimen126

(/usr/local/texlive/2014/texmf-dist/tex/generic/babel/xebabel.def))
\l@naustrian = a dialect from \language\l@ngerman 
\l@nswissgerman = a dialect from \language\l@ngerman 
Package babel Info: Making " an active character on input line 88.
))
(/usr/local/texlive/2014/texmf-dist/tex/generic/babel-english/english.ldf
Language: english 2012/08/20 v3.3p English support from the babel system
\l@canadian = a dialect from \language\l@american 
\l@australian = a dialect from \language\l@british 
\l@newzealand = a dialect from \language\l@british 
))
(/usr/local/texlive/2014/texmf-dist/tex/latex/base/inputenc.sty
Package: inputenc 2014/04/30 v1.2b Input encoding file
\inpenc@prehook=\toks21
\inpenc@posthook=\toks22


Package inputenc Warning: inputenc package ignored with utf8 based engines.

) (/usr/local/texlive/2014/texmf-dist/tex/latex/base/fontenc.sty
Package: fontenc 2005/09/27 v1.99g Standard LaTeX package

(/usr/local/texlive/2014/texmf-dist/tex/latex/base/t1enc.def
File: t1enc.def 2005/09/27 v1.99g Standard LaTeX file
LaTeX Font Info:    Redeclaring font encoding T1 on input line 43.
))
(/usr/local/texlive/2014/texmf-dist/tex/latex/base/makeidx.sty
Package: makeidx 2014/09/29 v1.0m Standard LaTeX package
)
(/usr/local/texlive/2014/texmf-dist/tex/latex/url/url.sty
\Urlmuskip=\muskip11
Package: url 2013/09/16  ver 3.4  Verb mode for urls, etc.
)
(/usr/local/texlive/2014/texmf-dist/tex/latex/base/doc.sty
Package: doc 2014/09/29 v2.1e Standard LaTeX documentation package (FMi)
\c@StandardModuleDepth=\count107
\guard@level=\count108
\MacrocodeTopsep=\skip55
\MacroIndent=\dimen127
LaTeX Font Info:    Try loading font information for T1+lmr on input line 201.

(/usr/local/texlive/2014/texmf-dist/tex/latex/lm/t1lmr.fd
File: t1lmr.fd 2009/10/30 v1.6 Font defs for Latin Modern
)
\macro@cnt=\count109
\MacroTopsep=\skip56
\index@excludelist=\toks23

(/usr/local/texlive/2014/texmf-dist/tex/latex/tools/multicol.sty
Package: multicol 2014/10/28 v1.8i multicolumn formatting (FMi)
\c@tracingmulticols=\count110
\mult@box=\box30
\multicol@leftmargin=\dimen128
\c@unbalance=\count111
\c@collectmore=\count112
\doublecol@number=\count113
\multicoltolerance=\count114
\multicolpretolerance=\count115
\full@width=\dimen129
\page@free=\dimen130
\premulticols=\dimen131
\postmulticols=\dimen132
\multicolsep=\skip57
\multicolbaselineskip=\skip58
\partial@page=\box31
\last@line=\box32
\maxbalancingoverflow=\dimen133
\mult@rightbox=\box33
\mult@grightbox=\box34
\mult@gfirstbox=\box35
\mult@firstbox=\box36
\@tempa=\box37
\@tempa=\box38
\@tempa=\box39
\@tempa=\box40
\@tempa=\box41
\@tempa=\box42
\@tempa=\box43
\@tempa=\box44
\@tempa=\box45
\@tempa=\box46
\@tempa=\box47
\@tempa=\box48
\@tempa=\box49
\@tempa=\box50
\@tempa=\box51
\@tempa=\box52
\@tempa=\box53
\c@columnbadness=\count116
\c@finalcolumnbadness=\count117
\last@try=\dimen134
\multicolovershoot=\dimen135
\multicolundershoot=\dimen136
\mult@nat@firstbox=\box54
\colbreak@box=\box55
\mc@col@check@num=\count118
)
\IndexMin=\dimen137
\c@IndexColumns=\count119
\GlossaryMin=\dimen138
\c@GlossaryColumns=\count120
\check@sum=\count121
\bslash@cnt=\count122
\wrong@table=\toks24
\c@CodelineNo=\count123
)
(/usr/local/texlive/2014/texmf-dist/tex/latex/graphics/graphicx.sty
Package: graphicx 2014/10/28 v1.0g Enhanced LaTeX Graphics (DPC,SPQR)

(/usr/local/texlive/2014/texmf-dist/tex/latex/graphics/graphics.sty
Package: graphics 2014/10/28 v1.0p Standard LaTeX Graphics (DPC,SPQR)

(/usr/local/texlive/2014/texmf-dist/tex/latex/graphics/trig.sty
Package: trig 1999/03/16 v1.09 sin cos tan (DPC)
)
(/usr/local/texlive/2014/texmf-dist/tex/latex/latexconfig/graphics.cfg
File: graphics.cfg 2010/04/23 v1.9 graphics configuration of TeX Live
)
Package graphics Info: Driver file: xetex.def on input line 91.

(/usr/local/texlive/2014/texmf-dist/tex/xelatex/xetex-def/xetex.def
File: xetex.def 2014/07/25 v4.03 LaTeX color/graphics driver for XeTeX (RRM/JK)

))
\Gin@req@height=\dimen139
\Gin@req@width=\dimen140
)
(/usr/local/texlive/2014/texmf-dist/tex/latex/caption/caption.sty
Package: caption 2013/05/02 v3.3-89 Customizing captions (AR)

(/usr/local/texlive/2014/texmf-dist/tex/latex/caption/caption3.sty
Package: caption3 2013/05/02 v1.6-88 caption3 kernel (AR)
Package caption3 Info: TeX engine: e-TeX on input line 57.
\captionmargin=\dimen141
\captionmargin@=\dimen142
\captionwidth=\dimen143
\caption@tempdima=\dimen144
\caption@indent=\dimen145
\caption@parindent=\dimen146
\caption@hangindent=\dimen147
)
Package caption Info: KOMA-Script document class.
\c@ContinuedFloat=\count124
Package caption Info: threeparttable package is loaded.
)
(/usr/local/texlive/2014/texmf-dist/tex/latex/caption/subcaption.sty
Package: subcaption 2013/02/03 v1.1-62 Sub-captions (AR)
\c@subfigure=\count125
\c@subtable=\count126
)
(/usr/local/texlive/2014/texmf-dist/tex/latex/sidecap/sidecap.sty
Package: sidecap 2003/06/06 v1.6f SideCap Package (RN/HjG)

(/usr/local/texlive/2014/texmf-dist/tex/latex/base/ifthen.sty
Package: ifthen 2014/09/29 v1.1c Standard LaTeX ifthen package (DPC)
)
\SC@BOXWD=\dimen148
\SC@CAPWD=\dimen149
\SC@tempdima=\dimen150
\SC@tempdimb=\dimen151
\c@SC@C=\count127
\SC@BOX=\box56
)
(/usr/local/texlive/2014/texmf-dist/tex/latex/oberdiek/grffile.sty
Package: grffile 2012/04/05 v1.16 Extended file name support for graphics (HO)

(/usr/local/texlive/2014/texmf-dist/tex/generic/oberdiek/ifpdf.sty
Package: ifpdf 2011/01/30 v2.3 Provides the ifpdf switch (HO)
Package ifpdf Info: pdfTeX in PDF mode is not detected.
)
(/usr/local/texlive/2014/texmf-dist/tex/generic/ifxetex/ifxetex.sty
Package: ifxetex 2010/09/12 v0.6 Provides ifxetex conditional
)
(/usr/local/texlive/2014/texmf-dist/tex/latex/oberdiek/kvoptions.sty
Package: kvoptions 2011/06/30 v3.11 Key value format for package options (HO)

(/usr/local/texlive/2014/texmf-dist/tex/generic/oberdiek/ltxcmds.sty
Package: ltxcmds 2011/11/09 v1.22 LaTeX kernel commands for general use (HO)
)
(/usr/local/texlive/2014/texmf-dist/tex/generic/oberdiek/kvsetkeys.sty
Package: kvsetkeys 2012/04/25 v1.16 Key value parser (HO)

(/usr/local/texlive/2014/texmf-dist/tex/generic/oberdiek/infwarerr.sty
Package: infwarerr 2010/04/08 v1.3 Providing info/warning/error messages (HO)
)
(/usr/local/texlive/2014/texmf-dist/tex/generic/oberdiek/etexcmds.sty
Package: etexcmds 2011/02/16 v1.5 Avoid name clashes with e-TeX commands (HO)

(/usr/local/texlive/2014/texmf-dist/tex/generic/oberdiek/ifluatex.sty
Package: ifluatex 2010/03/01 v1.3 Provides the ifluatex switch (HO)
Package ifluatex Info: LuaTeX not detected.
)
Package etexcmds Info: Could not find \expanded.
(etexcmds)             That can mean that you are not using pdfTeX 1.50 or
(etexcmds)             that some package has redefined \expanded.
(etexcmds)             In the latter case, load this package earlier.
)))
(/usr/local/texlive/2014/texmf-dist/tex/generic/oberdiek/pdftexcmds.sty
Package: pdftexcmds 2011/11/29 v0.20 Utility functions of pdfTeX for LuaTeX (HO
)
Package pdftexcmds Info: LuaTeX not detected.
Package pdftexcmds Info: pdfTeX >= 1.30 not detected.
Package pdftexcmds Info: \pdf@primitive is available.
Package pdftexcmds Info: \pdf@ifprimitive is available.
Package pdftexcmds Info: \pdfdraftmode not found.
)
Package grffile Info: \Gread@QTm patched on input line 253.
Package grffile Info: \Gread@eps patched on input line 303.
Package grffile Info: Option `multidot' is set to `true'.
Package grffile Info: Option `extendedchars' is set to `false'.
Package grffile Info: Option `space' is set to `true'.
Package grffile Info: \Gin@ii of package `graphicx' fixed on input line 486.
)
(/usr/local/texlive/2014/texmf-dist/tex/latex/setspace/setspace.sty
Package: setspace 2011/12/19 v6.7a set line spacing
)
(/usr/local/texlive/2014/texmf-dist/tex/latex/graphics/color.sty
Package: color 2014/10/28 v1.1a Standard LaTeX Color (DPC)

(/usr/local/texlive/2014/texmf-dist/tex/latex/latexconfig/color.cfg
File: color.cfg 2007/01/18 v1.5 color configuration of teTeX/TeXLive
)
Package color Info: Driver file: xetex.def on input line 137.
)
(/usr/local/texlive/2014/texmf-dist/tex/latex/soul/soul.sty
Package: soul 2003/11/17 v2.4 letterspacing/underlining (mf)
\SOUL@word=\toks25
\SOUL@lasttoken=\toks26
\SOUL@cmds=\toks27
\SOUL@buffer=\toks28
\SOUL@token=\toks29
\SOUL@spaceskip=\skip59
\SOUL@ttwidth=\dimen152
\SOUL@uldp=\dimen153
\SOUL@ulht=\dimen154
)
(/usr/local/texlive/2014/texmf-dist/tex/latex/tools/calc.sty
Package: calc 2014/10/28 v4.3 Infix arithmetic (KKT,FJ)
\calc@Acount=\count128
\calc@Bcount=\count129
\calc@Adimen=\dimen155
\calc@Bdimen=\dimen156
\calc@Askip=\skip60
\calc@Bskip=\skip61
LaTeX Info: Redefining \setlength on input line 75.
LaTeX Info: Redefining \addtolength on input line 76.
\calc@Ccount=\count130
\calc@Cskip=\skip62
)
(/usr/local/texlive/2014/texmf-dist/tex/latex/hyperref/hyperref.sty
Package: hyperref 2012/11/06 v6.83m Hypertext links for LaTeX

(/usr/local/texlive/2014/texmf-dist/tex/generic/oberdiek/hobsub-hyperref.sty
Package: hobsub-hyperref 2012/05/28 v1.13 Bundle oberdiek, subset hyperref (HO)


(/usr/local/texlive/2014/texmf-dist/tex/generic/oberdiek/hobsub-generic.sty
Package: hobsub-generic 2012/05/28 v1.13 Bundle oberdiek, subset generic (HO)
Package: hobsub 2012/05/28 v1.13 Construct package bundles (HO)
Package hobsub Info: Skipping package `infwarerr' (already loaded).
Package hobsub Info: Skipping package `ltxcmds' (already loaded).
Package hobsub Info: Skipping package `ifluatex' (already loaded).
Package: ifvtex 2010/03/01 v1.5 Detect VTeX and its facilities (HO)
Package ifvtex Info: VTeX not detected.
Package: intcalc 2007/09/27 v1.1 Expandable calculations with integers (HO)
Package hobsub Info: Skipping package `ifpdf' (already loaded).
Package hobsub Info: Skipping package `etexcmds' (already loaded).
Package hobsub Info: Skipping package `kvsetkeys' (already loaded).
Package: kvdefinekeys 2011/04/07 v1.3 Define keys (HO)
Package hobsub Info: Skipping package `pdftexcmds' (already loaded).
Package: pdfescape 2011/11/25 v1.13 Implements pdfTeX's escape features (HO)
Package: bigintcalc 2012/04/08 v1.3 Expandable calculations on big integers (HO
)
Package: bitset 2011/01/30 v1.1 Handle bit-vector datatype (HO)
Package: uniquecounter 2011/01/30 v1.2 Provide unlimited unique counter (HO)
)
Package hobsub Info: Skipping package `hobsub' (already loaded).
Package: letltxmacro 2010/09/02 v1.4 Let assignment for LaTeX macros (HO)
Package: hopatch 2012/05/28 v1.2 Wrapper for package hooks (HO)
Package: xcolor-patch 2011/01/30 xcolor patch
Package: atveryend 2011/06/30 v1.8 Hooks at the very end of document (HO)
Package atveryend Info: \enddocument detected (standard20110627).
Package: atbegshi 2011/10/05 v1.16 At begin shipout hook (HO)
Package: refcount 2011/10/16 v3.4 Data extraction from label references (HO)
Package: hycolor 2011/01/30 v1.7 Color options for hyperref/bookmark (HO)
)
(/usr/local/texlive/2014/texmf-dist/tex/latex/oberdiek/auxhook.sty
Package: auxhook 2011/03/04 v1.3 Hooks for auxiliary files (HO)
)
\@linkdim=\dimen157
\Hy@linkcounter=\count131
\Hy@pagecounter=\count132

(/usr/local/texlive/2014/texmf-dist/tex/latex/hyperref/pd1enc.def
File: pd1enc.def 2012/11/06 v6.83m Hyperref: PDFDocEncoding definition (HO)
)
\Hy@SavedSpaceFactor=\count133

(/usr/local/texlive/2014/texmf-dist/tex/latex/latexconfig/hyperref.cfg
File: hyperref.cfg 2002/06/06 v1.2 hyperref configuration of TeXLive
)
Package hyperref Info: Option `bookmarks' set `true' on input line 4319.
Package hyperref Info: Option `colorlinks' set `true' on input line 4319.
Package hyperref Info: Option `pdfpagelabels' set `true' on input line 4319.
Package hyperref Info: Option `bookmarksopen' set `true' on input line 4319.
Package hyperref Info: Option `bookmarksnumbered' set `true' on input line 4319
.
Package hyperref Info: Option `plainpages' set `false' on input line 4319.
Package hyperref Info: Option `hypertexnames' set `true' on input line 4319.
Package hyperref Info: Option `unicode' set `true' on input line 4319.

(/usr/local/texlive/2014/texmf-dist/tex/latex/hyperref/puenc.def
File: puenc.def 2012/11/06 v6.83m Hyperref: PDF Unicode definition (HO)
)
Package hyperref Info: Option `unicode' set `true' on input line 4319.

(/usr/local/texlive/2014/texmf-dist/tex/generic/oberdiek/stringenc.sty
Package: stringenc 2011/12/02 v1.10 Convert strings between diff. encodings (HO
)
)
Package hyperref Info: Hyper figures OFF on input line 4443.
Package hyperref Info: Link nesting OFF on input line 4448.
Package hyperref Info: Hyper index ON on input line 4451.
Package hyperref Info: Plain pages OFF on input line 4458.
Package hyperref Info: Backreferencing OFF on input line 4463.
Package hyperref Info: Implicit mode ON; LaTeX internals redefined.
Package hyperref Info: Bookmarks ON on input line 4688.
\c@Hy@tempcnt=\count134
LaTeX Info: Redefining \url on input line 5041.
\XeTeXLinkMargin=\dimen158
\Fld@menulength=\count135
\Field@Width=\dimen159
\Fld@charsize=\dimen160
Package hyperref Info: Hyper figures OFF on input line 6295.
Package hyperref Info: Link nesting OFF on input line 6300.
Package hyperref Info: Hyper index ON on input line 6303.
Package hyperref Info: backreferencing OFF on input line 6310.
Package hyperref Info: Link coloring ON on input line 6313.
Package hyperref Info: Link coloring with OCG OFF on input line 6320.
Package hyperref Info: PDF/A mode OFF on input line 6325.
LaTeX Info: Redefining \ref on input line 6365.
LaTeX Info: Redefining \pageref on input line 6369.
\Hy@abspage=\count136
\c@Item=\count137
\c@Hfootnote=\count138
)

Package hyperref Message: Driver (autodetected): hxetex.

(/usr/local/texlive/2014/texmf-dist/tex/latex/hyperref/hxetex.def
File: hxetex.def 2012/11/06 v6.83m Hyperref driver for XeTeX
\pdfm@box=\box57
\c@Hy@AnnotLevel=\count139
\HyField@AnnotCount=\count140
\Fld@listcount=\count141
\c@bookmark@seq@number=\count142

(/usr/local/texlive/2014/texmf-dist/tex/latex/oberdiek/rerunfilecheck.sty
Package: rerunfilecheck 2011/04/15 v1.7 Rerun checks for auxiliary files (HO)
Package rerunfilecheck Info: Feature \pdfmdfivesum is not available
(rerunfilecheck)             (e.g. pdfTeX or LuaTeX with package `pdftexcmds').

(rerunfilecheck)             Therefore file contents cannot be checked efficien
tly
(rerunfilecheck)             and the loading of the package is aborted.
)
\Hy@SectionHShift=\skip63
)
(/usr/local/texlive/2014/texmf-dist/tex/generic/oberdiek/se-ascii-print.def
File: se-ascii-print.def 2011/12/02 v1.10 stringenc: Printable ASCII characters

)
(/usr/local/texlive/2014/texmf-dist/tex/latex/textgreek/textgreek.sty
Package: textgreek 2011/10/09 v0.7 Greek symbols in text
Package textgreek Info: Loading the definitions for the Greek fontencoding. on 
input line 39.

(/usr/local/texlive/2014/texmf-dist/tex/latex/greek-fontenc/lgrenc.def
File: lgrenc.def 2013/12/02 v0.11.2 LGR Greek font encoding definitions

(/usr/local/texlive/2014/texmf-dist/tex/latex/greek-fontenc/greek-fontenc.def
File: greek-fontenc.def 2013/11/28 v0.11 Common Greek font encoding definitions

))
Package textgreek Info: Loaded fontmap: {eur/*/*}{U/eur/*/*} {phv/*/*}{U/psy/*/
*}. on input line 69.
) (/usr/local/texlive/2014/texmf-dist/tex/latex/tools/longtable.sty
Package: longtable 2014/10/28 v4.11 Multi-page Table package (DPC)
\LTleft=\skip64
\LTright=\skip65
\LTpre=\skip66
\LTpost=\skip67
\LTchunksize=\count143
\LTcapwidth=\dimen161
\LT@head=\box58
\LT@firsthead=\box59
\LT@foot=\box60
\LT@lastfoot=\box61
\LT@cols=\count144
\LT@rows=\count145
\c@LT@tables=\count146
\c@LT@chunks=\count147
\LT@p@ftn=\toks30
)
Class scrreprt Info: longtable captions redefined on input line 92.

(/usr/local/texlive/2014/texmf-dist/tex/latex/tools/bm.sty
Package: bm 2014/10/28 v1.1c Bold Symbol Support (DPC/FMi)
\symboldoperators=\mathgroup4
\symboldletters=\mathgroup5
\symboldsymbols=\mathgroup6
LaTeX Font Info:    Redeclaring math alphabet \mathbf on input line 137.
LaTeX Info: Redefining \bm on input line 203.
)
(/usr/local/texlive/2014/texmf-dist/tex/latex/was/gensymb.sty
Package: gensymb 2003/07/02 v1.0 (WaS)
)
(/usr/local/texlive/2014/texmf-dist/tex/latex/cleveref/cleveref.sty
Package: cleveref 2013/12/28 v0.19 Intelligent cross-referencing
Package cleveref Info: `hyperref' support loaded on input line 2230.
LaTeX Info: Redefining \cref on input line 2230.
LaTeX Info: Redefining \Cref on input line 2230.
LaTeX Info: Redefining \crefrange on input line 2230.
LaTeX Info: Redefining \Crefrange on input line 2230.
LaTeX Info: Redefining \cpageref on input line 2230.
LaTeX Info: Redefining \Cpageref on input line 2230.
LaTeX Info: Redefining \cpagerefrange on input line 2230.
LaTeX Info: Redefining \Cpagerefrange on input line 2230.
LaTeX Info: Redefining \labelcref on input line 2230.
LaTeX Info: Redefining \labelcpageref on input line 2230.
Package cleveref Info: always capitalise cross-reference names on input line 74
65.
Package cleveref Info: always capitalise cross-reference names on input line 74
93.
Package cleveref Info: no abbreviation of names on input line 7493.
)
(/usr/local/texlive/2014/texmf-dist/tex/latex/glossaries/base/glossaries.sty
Package: glossaries 2014/09/01 v4.11 (NLCT)

(/usr/local/texlive/2014/texmf-dist/tex/latex/xkeyval/xkeyval.sty
Package: xkeyval 2014/05/25 v2.7 package option processing (HA)

(/usr/local/texlive/2014/texmf-dist/tex/generic/xkeyval/xkeyval.tex
(/usr/local/texlive/2014/texmf-dist/tex/generic/xkeyval/xkvutils.tex
\XKV@toks=\toks31
\XKV@tempa@toks=\toks32
)
\XKV@depth=\count148
File: xkeyval.tex 2014/05/25 v2.7 key=value parser (HA)
))
(/usr/local/texlive/2014/texmf-dist/tex/latex/glossaries/base/mfirstuc.sty
Package: mfirstuc 2014/07/30 v1.09 (NLCT)

(/usr/local/texlive/2014/texmf-dist/tex/latex/etoolbox/etoolbox.sty
Package: etoolbox 2011/01/03 v2.1 e-TeX tools for LaTeX

(/usr/local/texlive/2014/texmf-dist/tex/latex/etex-pkg/etex.sty
Package: etex 1998/03/26 v2.0 eTeX basic definition package (PEB)
\et@xins=\count149
)
\etb@tempcnta=\count150
)
\@glsmfirst=\toks33
\@glsmrest=\toks34
)
(/usr/local/texlive/2014/texmf-dist/tex/latex/textcase/textcase.sty
Package: textcase 2004/10/07 v0.07 Text only upper/lower case changing (DPC)
)
(/usr/local/texlive/2014/texmf-dist/tex/latex/xfor/xfor.sty
Package: xfor 2009/02/05 v1.05 (NLCT)
)
(/usr/local/texlive/2014/texmf-dist/tex/latex/datatool/datatool-base.sty
Package: datatool-base 2014/06/10 v2.22 (NLCT)

(/usr/local/texlive/2014/texmf-dist/tex/latex/substr/substr.sty
Package: substr 2009/10/20 v1.2 Handle substrings
\c@su@anzahl=\count151
)
(/usr/local/texlive/2014/texmf-dist/tex/latex/datatool/datatool-fp.sty
Package: datatool-fp 2013/08/29 v2.17 (NLCT)

(/usr/local/texlive/2014/texmf-dist/tex/latex/fp/fp.sty
Package: fp 1995/04/02

`Fixed Point Package', Version 0.8, April 2, 1995 (C) Michael Mehlich
(/usr/local/texlive/2014/texmf-dist/tex/latex/fp/defpattern.sty
Package: defpattern 1994/10/12
\actioncount=\count152
)
(/usr/local/texlive/2014/texmf-dist/tex/latex/fp/fp-basic.sty
Package: fp-basic 1996/05/13
\FP@xs=\count153
\FP@xia=\count154
\FP@xib=\count155
\FP@xfa=\count156
\FP@xfb=\count157
\FP@rega=\count158
\FP@regb=\count159
\FP@regs=\count160
\FP@times=\count161
)
(/usr/local/texlive/2014/texmf-dist/tex/latex/fp/fp-addons.sty
Package: fp-addons 1995/03/15
)
(/usr/local/texlive/2014/texmf-dist/tex/latex/fp/fp-snap.sty
Package: fp-snap 1995/04/05
)
(/usr/local/texlive/2014/texmf-dist/tex/latex/fp/fp-exp.sty
Package: fp-exp 1995/04/03
)
(/usr/local/texlive/2014/texmf-dist/tex/latex/fp/fp-trigo.sty
Package: fp-trigo 1995/04/14
)
(/usr/local/texlive/2014/texmf-dist/tex/latex/fp/fp-pas.sty
Package: fp-pas 1994/08/29
)
(/usr/local/texlive/2014/texmf-dist/tex/latex/fp/fp-random.sty
Package: fp-random 1995/02/23
\FPseed=\count162
)
(/usr/local/texlive/2014/texmf-dist/tex/latex/fp/fp-eqn.sty
Package: fp-eqn 1995/04/03
)
(/usr/local/texlive/2014/texmf-dist/tex/latex/fp/fp-upn.sty
Package: fp-upn 1996/10/21
)
(/usr/local/texlive/2014/texmf-dist/tex/latex/fp/fp-eval.sty
Package: fp-eval 1995/04/03
)))
\@dtl@toks=\toks35
\@dtl@tmpcount=\count163
\dtl@tmplength=\skip68
\dtl@sortresult=\count164
\@dtl@numgrpsepcount=\count165
\@dtl@datatype=\count166
\dtl@codeA=\count167
\dtl@codeB=\count168
\@dtl@foreach@level=\count169
)
(/usr/local/texlive/2014/texmf-dist/tex/latex/glossaries/base/glossaries-compat
ible-307.sty
Package: glossaries-compatible-307 2013/11/14 v4.0 (NLCT)
)
(/usr/local/texlive/2014/texmf-dist/tex/latex/beamer/translator/translator.sty
Package: translator 2010/06/12 ver 1.10

(/usr/local/texlive/2014/texmf-dist/tex/latex/beamer/translator/translator-lang
uage-mappings.tex))
\gls@level=\count170
\@gls@tmpb=\toks36
\gls@tmplen=\skip69


Package glossaries Warning: Overriding `theglossary' environment on input line 
5470.

\glskeylisttok=\toks37
\glslabeltok=\toks38
\glsshorttok=\toks39
\glslongtok=\toks40

(/usr/local/texlive/2014/texmf-dist/tex/latex/glossaries/styles/glossary-hypern
av.sty
Package: glossary-hypernav 2013/11/14 v4.0 (NLCT)
)
(/usr/local/texlive/2014/texmf-dist/tex/latex/glossaries/styles/glossary-list.s
ty
Package: glossary-list 2013/11/14 v4.0 (NLCT)
\glslistdottedwidth=\skip70
)
(/usr/local/texlive/2014/texmf-dist/tex/latex/glossaries/styles/glossary-long.s
ty
Package: glossary-long 2013/11/14 v4.0 (NLCT)
\glsdescwidth=\skip71
\glspagelistwidth=\skip72
)
(/usr/local/texlive/2014/texmf-dist/tex/latex/glossaries/styles/glossary-super.
sty
Package: glossary-super 2013/11/14 v4.0 (NLCT)
 (/usr/local/texlive/2014/texmf-dist/tex/latex/supertabular/supertabular.sty
Package: supertabular 2004/02/20 v4.1e the supertabular environment
\c@tracingst=\count171
\ST@wd=\dimen162
\ST@rightskip=\skip73
\ST@leftskip=\skip74
\ST@parfillskip=\skip75
\ST@pageleft=\dimen163
\ST@headht=\dimen164
\ST@tailht=\dimen165
\ST@pagesofar=\dimen166
\ST@pboxht=\dimen167
\ST@lineht=\dimen168
\ST@stretchht=\dimen169
\ST@prevht=\dimen170
\ST@toadd=\dimen171
\ST@dimen=\dimen172
\ST@pbox=\box62
))
(/usr/local/texlive/2014/texmf-dist/tex/latex/glossaries/styles/glossary-tree.s
ty
Package: glossary-tree 2014/08/27 v4.10 (NLCT)
\glstreeindent=\skip76
)) (/usr/local/texlive/2014/texmf-dist/tex/latex/tools/array.sty
Package: array 2014/10/28 v2.4c Tabular extension package (FMi)
\col@sep=\dimen173
\extrarowheight=\dimen174
\NC@list=\toks41
\extratabsurround=\skip77
\backup@length=\skip78
)
(/usr/local/texlive/2014/texmf-dist/tex/latex/biblatex/biblatex.sty
Package: biblatex 2014/06/25 v2.9a programmable bibliographies (PK/JW/AB)

(/usr/local/texlive/2014/texmf-dist/tex/latex/biblatex/biblatex1.sty
Package: biblatex1 2014/06/25 v2.9a programmable bibliographies (bibtex) (PK/JW
/AB)

(/usr/local/texlive/2014/texmf-dist/tex/latex/logreq/logreq.sty
Package: logreq 2010/08/04 v1.0 xml request logger
\lrq@indent=\count172

(/usr/local/texlive/2014/texmf-dist/tex/latex/logreq/logreq.def
File: logreq.def 2010/08/04 v1.0 logreq spec v1.0
))
\c@tabx@nest=\count173
\c@listtotal=\count174
\c@listcount=\count175
\c@liststart=\count176
\c@liststop=\count177
\c@citecount=\count178
\c@citetotal=\count179
\c@multicitecount=\count180
\c@multicitetotal=\count181
\c@instcount=\count182
\c@maxnames=\count183
\c@minnames=\count184
\c@maxitems=\count185
\c@minitems=\count186
\c@citecounter=\count187
\c@savedcitecounter=\count188
\c@uniquelist=\count189
\c@uniquename=\count190
\c@refsection=\count191
\c@refsegment=\count192
\c@maxextrayear=\count193
\c@maxextraalpha=\count194
\c@abbrvpenalty=\count195
\c@highnamepenalty=\count196
\c@lownamepenalty=\count197
\c@maxparens=\count198
\c@parenlevel=\count199
\blx@tempcnta=\count200
\blx@tempcntb=\count201
\blx@tempcntc=\count202
\blx@maxsection=\count203
\blx@maxsegment=\count204
\blx@notetype=\count205
\blx@parenlevel@text=\count206
\blx@parenlevel@foot=\count207
\labelnumberwidth=\skip79
\labelalphawidth=\skip80
\shorthandwidth=\skip81
\biblabelsep=\skip82
\bibitemsep=\skip83
\bibnamesep=\skip84
\bibinitsep=\skip85
\bibparsep=\skip86
\bibhang=\skip87
\blx@auxin=\read1
\blx@auxout=\write3
\c@mincomprange=\count208
\c@maxcomprange=\count209
\c@mincompwidth=\count210
\c@labelname=\count211
\c@savedlabelname=\count212
\c@author=\count213
\c@savedauthor=\count214
\c@shortauthor=\count215
\c@savedshortauthor=\count216
\c@editor=\count217
\c@savededitor=\count218
\c@editora=\count219
\c@savededitora=\count220
\c@editorb=\count221
\c@savededitorb=\count222
\c@editorc=\count223
\c@savededitorc=\count224
\c@shorteditor=\count225
\c@savedshorteditor=\count226
\c@bookauthor=\count227
\c@savedbookauthor=\count228
\c@translator=\count229
\c@savedtranslator=\count230
\c@annotator=\count231
\c@savedannotator=\count232
\c@commentator=\count233
Normal \count register pool exhausted, switching to extended pool.
\c@savedcommentator=\count277
\c@introduction=\count278
\c@savedintroduction=\count279
\c@foreword=\count280
\c@savedforeword=\count281
\c@afterword=\count282
\c@savedafterword=\count283
\c@holder=\count284
\c@savedholder=\count285
\c@namea=\count286
\c@savednamea=\count287
\c@nameb=\count288
\c@savednameb=\count289
\c@namec=\count290
\c@savednamec=\count291
\c@institution=\count292
\c@savedinstitution=\count293
\c@language=\count294
\c@savedlanguage=\count295
\c@location=\count296
\c@savedlocation=\count297
\c@organization=\count298
\c@savedorganization=\count299
\c@origlocation=\count300
\c@savedoriglocation=\count301
\c@origpublisher=\count302
\c@savedorigpublisher=\count303
\c@pageref=\count304
\c@savedpageref=\count305
\c@publisher=\count306
\c@savedpublisher=\count307
\c@lista=\count308
\c@savedlista=\count309
\c@listb=\count310
\c@savedlistb=\count311
\c@listc=\count312
\c@savedlistc=\count313
\c@listd=\count314
\c@savedlistd=\count315
\c@liste=\count316
\c@savedliste=\count317
\c@listf=\count318
\c@savedlistf=\count319
Package biblatex Info: Trying to load compatibility code...
Package biblatex Info: ... file 'blx-compat.def' found.

(/usr/local/texlive/2014/texmf-dist/tex/latex/biblatex/blx-compat.def
File: blx-compat.def 2014/06/25 v2.9a biblatex compatibility (PK/JW/AB)
)
Package biblatex Info: Trying to load generic definitions...
Package biblatex Info: ... file 'biblatex.def' found.

(/usr/local/texlive/2014/texmf-dist/tex/latex/biblatex/biblatex.def
File: biblatex.def 
\c@textcitecount=\count320
\c@textcitetotal=\count321
\c@textcitemaxnames=\count322
\c@biburlnumpenalty=\count323
\c@biburlucpenalty=\count324
\c@biburllcpenalty=\count325
\c@smartand=\count326
)
Package biblatex Info: Trying to load bibliography style 'numeric'...
Package biblatex Info: ... file 'numeric.bbx' found.

(/usr/local/texlive/2014/texmf-dist/tex/latex/biblatex/bbx/numeric.bbx
File: numeric.bbx 2014/06/25 v2.9a biblatex bibliography style (PK/JW/AB)
Package biblatex Info: Trying to load bibliography style 'standard'...
Package biblatex Info: ... file 'standard.bbx' found.

(/usr/local/texlive/2014/texmf-dist/tex/latex/biblatex/bbx/standard.bbx
File: standard.bbx 2014/06/25 v2.9a biblatex bibliography style (PK/JW/AB)
\c@bbx:relatedcount=\count327
\c@bbx:relatedtotal=\count328
))
Package biblatex Info: Trying to load citation style 'numeric'...
Package biblatex Info: ... file 'numeric.cbx' found.

(/usr/local/texlive/2014/texmf-dist/tex/latex/biblatex/cbx/numeric.cbx
File: numeric.cbx 2014/06/25 v2.9a biblatex citation style (PK/JW/AB)
Package biblatex Info: Redefining '\cite'.
Package biblatex Info: Redefining '\parencite'.
Package biblatex Info: Redefining '\footcite'.
Package biblatex Info: Redefining '\footcitetext'.
Package biblatex Info: Redefining '\smartcite'.
Package biblatex Info: Redefining '\supercite'.
Package biblatex Info: Redefining '\textcite'.
Package biblatex Info: Redefining '\textcites'.
Package biblatex Info: Redefining '\cites'.
Package biblatex Info: Redefining '\parencites'.
Package biblatex Info: Redefining '\smartcites'.
)
Package biblatex Info: Trying to load configuration file...
Package biblatex Info: ... file 'biblatex.cfg' found.

(/usr/local/texlive/2014/texmf-dist/tex/latex/biblatex/biblatex.cfg
File: biblatex.cfg 
)))
(/usr/local/texlive/2014/texmf-dist/tex/latex/csquotes/csquotes.sty
Package: csquotes 2011/10/22 v5.1d context-sensitive quotations
\csq@reset=\count329
\csq@gtype=\count330
\csq@glevel=\count331
\csq@qlevel=\count332
\csq@maxlvl=\count333
\csq@tshold=\count334
\csq@ltx@everypar=\toks42

(/usr/local/texlive/2014/texmf-dist/tex/latex/csquotes/csquotes.def
File: csquotes.def 2011/10/22 v5.1d csquotes generic definitions
)
Package csquotes Info: Trying to load configuration file 'csquotes.cfg'...
Package csquotes Info: ... configuration file loaded successfully.

(/usr/local/texlive/2014/texmf-dist/tex/latex/csquotes/csquotes.cfg
File: csquotes.cfg 
))
\glswrite=\write4
\glo@main@file=\write5
\openout5 = `main.glo2'.

Package glossaries Info: Writing glossary file main.glo2 on input line 158.
\glo@acronym@file=\write6
\openout6 = `main.acn'.

Package glossaries Info: Writing glossary file main.acn on input line 158.

(./chapter/glossary.tex)
Package biblatex Info: Trying to load language 'USenglish'...
Package biblatex Info: ... file 'USenglish.lbx' found.

(/usr/local/texlive/2014/texmf-dist/tex/latex/biblatex/lbx/USenglish.lbx
File: USenglish.lbx 2014/06/25 v2.9a biblatex localization (PK/JW/AB)
Package biblatex Info: Trying to load language 'american'...
Package biblatex Info: ... file 'american.lbx' found.

(/usr/local/texlive/2014/texmf-dist/tex/latex/biblatex/lbx/american.lbx
File: american.lbx 2014/06/25 v2.9a biblatex localization (PK/JW/AB)
Package biblatex Info: Trying to load language 'english'...
Package biblatex Info: ... file 'english.lbx' found.

(/usr/local/texlive/2014/texmf-dist/tex/latex/biblatex/lbx/english.lbx
File: english.lbx 2014/06/25 v2.9a biblatex localization (PK/JW/AB)
)))
Package csquotes Info: Checking for multilingual support...
Package csquotes Info: ... found 'babel' package.
Package csquotes Info: Adjusting default style.
Package csquotes Info: Redefining alias 'default' -> 'USenglish'.

(./main.aux)
\openout1 = `main.aux'.

LaTeX Font Info:    Checking defaults for OML/cmm/m/it on input line 167.
LaTeX Font Info:    ... okay on input line 167.
LaTeX Font Info:    Checking defaults for T1/cmr/m/n on input line 167.
LaTeX Font Info:    ... okay on input line 167.
LaTeX Font Info:    Checking defaults for OT1/cmr/m/n on input line 167.
LaTeX Font Info:    ... okay on input line 167.
LaTeX Font Info:    Checking defaults for OMS/cmsy/m/n on input line 167.
LaTeX Font Info:    ... okay on input line 167.
LaTeX Font Info:    Checking defaults for OMX/cmex/m/n on input line 167.
LaTeX Font Info:    ... okay on input line 167.
LaTeX Font Info:    Checking defaults for U/cmr/m/n on input line 167.
LaTeX Font Info:    ... okay on input line 167.
LaTeX Font Info:    Checking defaults for PD1/pdf/m/n on input line 167.
LaTeX Font Info:    ... okay on input line 167.
LaTeX Font Info:    Checking defaults for PU/pdf/m/n on input line 167.
LaTeX Font Info:    ... okay on input line 167.
LaTeX Font Info:    Checking defaults for LGR/cmr/m/n on input line 167.
LaTeX Font Info:    Try loading font information for LGR+cmr on input line 167.

 (/usr/local/texlive/2014/texmf-dist/tex/latex/cbfonts-fd/lgrcmr.fd
File: lgrcmr.fd 2013/09/01 v1.0 Greek European Computer Regular
)
LaTeX Font Info:    ... okay on input line 167.
Package caption Info: Begin \AtBeginDocument code.
Package caption Info: hyperref package is loaded.
Package caption Info: longtable package is loaded.
 (/usr/local/texlive/2014/texmf-dist/tex/latex/caption/ltcaption.sty
Package: ltcaption 2013/02/03 v1.3-62 longtable captions (AR)
)
Package caption Info: sidecap package is loaded.
Package caption Info: supertabular package is loaded.
Package caption Info: End \AtBeginDocument code.

(/usr/local/texlive/2014/texmf-dist/tex/latex/ms/ragged2e.sty
Package: ragged2e 2009/05/21 v2.1 ragged2e Package (MS)

(/usr/local/texlive/2014/texmf-dist/tex/latex/ms/everysel.sty
Package: everysel 2011/10/28 v1.2 EverySelectfont Package (MS)

ABD: EverySelectfont initializing macros
LaTeX Info: Redefining \selectfont on input line 126.
)
\CenteringLeftskip=\skip88
\RaggedLeftLeftskip=\skip89
\RaggedRightLeftskip=\skip90
\CenteringRightskip=\skip91
\RaggedLeftRightskip=\skip92
\RaggedRightRightskip=\skip93
\CenteringParfillskip=\skip94
\RaggedLeftParfillskip=\skip95
\RaggedRightParfillskip=\skip96
\JustifyingParfillskip=\skip97
\CenteringParindent=\skip98
\RaggedLeftParindent=\skip99
\RaggedRightParindent=\skip100
\JustifyingParindent=\skip101
)
\AtBeginShipoutBox=\box63
Package hyperref Info: Link coloring ON on input line 167.

(/usr/local/texlive/2014/texmf-dist/tex/latex/hyperref/nameref.sty
Package: nameref 2012/10/27 v2.43 Cross-referencing by name of section

(/usr/local/texlive/2014/texmf-dist/tex/generic/oberdiek/gettitlestring.sty
Package: gettitlestring 2010/12/03 v1.4 Cleanup title references (HO)
)
\c@section@level=\count335
)
LaTeX Info: Redefining \ref on input line 167.
LaTeX Info: Redefining \pageref on input line 167.
LaTeX Info: Redefining \nameref on input line 167.

(./main.out) (./main.out)
\@outlinefile=\write7
\openout7 = `main.out'.

LaTeX Info: Redefining \celsius on input line 167.
Package gensymb Info: Faking symbols for \degree and \celsius on input line 167
.


Package gensymb Warning: Not defining \perthousand.

LaTeX Info: Redefining \ohm on input line 167.
Package gensymb Info: Using \Omega for \ohm on input line 167.

Package gensymb Warning: Not defining \micro.


(/usr/local/texlive/2014/texmf-dist/tex/latex/glossaries/dict/glossaries-dictio
nary-English.dict
Dictionary: glossaries-dictionary, Language: English 
)
Package biblatex Info: XeTeX detected.
(biblatex)             Assuming input encoding 'utf8'.
Package biblatex Info: Automatic encoding selection.
(biblatex)             Assuming data encoding 'utf8'.


Package biblatex Warning: Data encoding is 'utf8'.
(biblatex)                Use backend=biber.

\openout3 = `main-blx.bib'.

Package biblatex Info: Trying to load bibliographic data...
Package biblatex Info: ... file 'main.bbl' found.
(./main.bbl)
Package biblatex Info: Reference section=0 on input line 167.
Package biblatex Info: Reference segment=0 on input line 167.
LaTeX Font Info:    Try loading font information for OT1+lmr on input line 187.

 (/usr/local/texlive/2014/texmf-dist/tex/latex/lm/ot1lmr.fd
File: ot1lmr.fd 2009/10/30 v1.6 Font defs for Latin Modern
)
LaTeX Font Info:    Try loading font information for OML+lmm on input line 187.


(/usr/local/texlive/2014/texmf-dist/tex/latex/lm/omllmm.fd
File: omllmm.fd 2009/10/30 v1.6 Font defs for Latin Modern
)
LaTeX Font Info:    Try loading font information for OMS+lmsy on input line 187
.

(/usr/local/texlive/2014/texmf-dist/tex/latex/lm/omslmsy.fd
File: omslmsy.fd 2009/10/30 v1.6 Font defs for Latin Modern
)
LaTeX Font Info:    Try loading font information for OMX+lmex on input line 187
.

(/usr/local/texlive/2014/texmf-dist/tex/latex/lm/omxlmex.fd
File: omxlmex.fd 2009/10/30 v1.6 Font defs for Latin Modern
)
LaTeX Font Info:    External font `lmex10' loaded for size
(Font)              <12> on input line 187.
LaTeX Font Info:    External font `lmex10' loaded for size
(Font)              <8> on input line 187.
LaTeX Font Info:    External font `lmex10' loaded for size
(Font)              <6> on input line 187.
 [1

\openout4 = `main.ist'.



] [1]
LaTeX Font Info:    External font `lmex10' loaded for size
(Font)              <14.4> on input line 214.
LaTeX Font Info:    External font `lmex10' loaded for size
(Font)              <10> on input line 214.
LaTeX Font Info:    External font `lmex10' loaded for size
(Font)              <7> on input line 214.
 [2]
[2] [3] [3] [1] [1]
LaTeX Font Info:    Try loading font information for T1+lmss on input line 266.

 (/usr/local/texlive/2014/texmf-dist/tex/latex/lm/t1lmss.fd
File: t1lmss.fd 2009/10/30 v1.6 Font defs for Latin Modern
) (./chapter/zusammenfassung.tex
LaTeX Font Info:    External font `lmex10' loaded for size
(Font)              <5> on input line 4.
LaTeX Font Info:    Try loading font information for LGR+lmr on input line 4.

(/usr/local/texlive/2014/texmf-dist/tex/latex/cbfonts-fd/lgrlmr.fd
File: lgrlmr.fd 2013/09/01 v1.0 Greek Latin Modern Regular
)) [2

]
[2] (./chapter/abstract.tex) [3

] [3] (./chapter/acknowledgement.tex) [4

]
[4] (./main.toc [5

] [6]
LaTeX Font Info:    Try loading font information for OMS+lmr on input line 235.


(/usr/local/texlive/2014/texmf-dist/tex/latex/lm/omslmr.fd
File: omslmr.fd 2009/10/30 v1.6 Font defs for Latin Modern
)
LaTeX Font Info:    Font shape `OMS/lmr/m/n' in size <8> not available
(Font)              Font shape `OMS/lmsy/m/n' tried instead on input line 235.
 [7])
\tf@toc=\write8
\openout8 = `main.toc'.

 [8]
(./main.lof [9



])
\tf@lof=\write9
\openout9 = `main.lof'.

 [10] [11] (./main.lot)
\tf@lot=\write10
\openout10 = `main.lot'.

 [12

]
Chapter 1.
Package biblatex Info: Resetting trackers on input line 306.
(./chapter/background.tex [1


]
File: figs/fig1-4 aerobic glycolysis.pdf Graphic file (type QTm)
 <use  "figs/fig1-4 aerobic glycolysis.pdf" >
[2] [3] [4]
File: figs/fig1-2 liver glucose.png Graphic file (type QTm)
 <use  "figs/fig1-2 liver glucose.png" > [5] [6] [7]
File: figs/fig1-3 liver lipid.png Graphic file (type QTm)

<use  "figs/fig1-3 liver lipid.png" > [8]
LaTeX Font Info:    Font shape `T1/lmss/bx/it' in size <12> not available
(Font)              Font shape `T1/lmss/bx/sl' tried instead on input line 121.

LaTeX Font Info:    Try loading font information for LGR+lmss on input line 125
.

(/usr/local/texlive/2014/texmf-dist/tex/latex/cbfonts-fd/lgrlmss.fd
File: lgrlmss.fd 2013/09/01 v1.0 Greek Latin Modern Sans Serif
) [9]
Underfull \hbox (badness 10000) in paragraph at lines 177--177
[][][]|\T1/lmr/m/n/12 PP2A gene su-per-fam-ily
 []

[10]
Underfull \hbox (badness 10000) in paragraph at lines 199--199
[]|\T1/lmr/m/n/10 Total Pro-tein Ki-nase
 []


Underfull \hbox (badness 10000) in paragraph at lines 200--200
[]|\T1/lmr/m/n/10 Total Pro-tein Phos-
 []

[11] [12]
File: figs/fig1-1 pp2a signaling.pdf Graphic file (type QTm)
 <use  "figs/fig1-1 pp2a signaling.pdf" > [13] [14] [15] [16] [17])
[18]
Chapter 2.
Package biblatex Info: Resetting trackers on input line 309.
(./chapter/results.tex
File: figs/fig2-0 ppp2r5c gene structure.pdf Graphic file (type QTm)
 <use  "figs/fig2-0 ppp2r5c gene structure.pdf" >
File: figs/fig2-1 liver ppp2r5c.pdf Graphic file (type QTm)

<use  "figs/fig2-1 liver ppp2r5c.pdf" > [19

]
File: figs/fig2-2 adipose ppp2r5c.pdf Graphic file (type QTm)

<use  "figs/fig2-2 adipose ppp2r5c.pdf" > [20]
File: figs/fig2-3 muscle ppp2r5c.pdf Graphic file (type QTm)

<use  "figs/fig2-3 muscle ppp2r5c.pdf" >
Missing character: There is no – in font ec-lmr10!
Missing character: There is no – in font ec-lmr10!
 [21]
File: figs/fig2-4 liver 34sample ppp2r5c.pdf Graphic file (type QTm)

<use  "figs/fig2-4 liver 34sample ppp2r5c.pdf" > [22] [23] [24]
File: figs/fig2-5 shR miR kd luc.pdf Graphic file (type QTm)

<use  "figs/fig2-5 shR miR kd luc.pdf" > [25]
File: figs/fig2-6a1.pdf Graphic file (type QTm)
 <use  "figs/fig2-6a1.pdf" >
File: figs/fig2-6a2.pdf Graphic file (type QTm)

<use  "figs/fig2-6a2.pdf" >
File: figs/fig2-6b miR kd v2.pdf Graphic file (type QTm)
 <use  "figs/fig2-6b miR kd v2.pdf" > [26] [27]
File: figs/fig2-7 v3 purify.pdf Graphic file (type QTm)

<use  "figs/fig2-7 v3 purify.pdf" >
Underfull \hbox (badness 10000) in paragraph at lines 119--119
[][][]|\T1/lmr/m/n/10 PPP2R5C Vari-ant 3 (V3) was
 []


Underfull \hbox (badness 10000) in paragraph at lines 119--119
\T1/lmr/m/n/10 ex-pres-sion/purification fa-cil-ity) to
 []


Underfull \hbox (badness 2111) in paragraph at lines 119--119
\T1/lmr/m/n/10 be ex-pressed in E. \T1/lmr/m/it/10 coli. \T1/lmr/m/n/10 BL21-
 []


Underfull \hbox (badness 6110) in paragraph at lines 119--119
\T1/lmr/m/n/10 propyl \LGR/lmr/m/n/10 b\T1/lmr/m/n/10 -D-1-thiogalactopyranosid
e)
 []


Underfull \hbox (badness 10000) in paragraph at lines 119--119
\T1/lmr/m/n/10 be-fore in-duc-tion (U) and af-ter
 []


Underfull \hbox (badness 1377) in paragraph at lines 119--119
\T1/lmr/m/n/10 the in-duc-tion ef-fi-ciency. Bac-te-ria
 []


Underfull \hbox (badness 1057) in paragraph at lines 119--119
\T1/lmr/m/n/10 pH 7.5) with 1 mg/ml Lysozyme,
 []

File: figs/fig2-8 gp anti-v3 kd OE.pdf Graphic file (type QTm)
<use  "figs/fig2-8 gp anti-v3 kd OE.pdf" > [28]
File: figs/fig2-9 hepa ad kd.pdf Graphic file (type QTm)

<use  "figs/fig2-9 hepa ad kd.pdf" > [29]
File: figs/fig2-10a glucose kd.pdf Graphic file (type QTm)

<use  "figs/fig2-10a glucose kd.pdf" >
File: figs/fig2-10b lactate kd.pdf Graphic file (type QTm)
 <use  "figs/fig2-10b lactate kd.pdf" >
File: figs/fig2-11 seahorse.pdf Graphic file (type QTm)

<use  "figs/fig2-11 seahorse.pdf" > [30] [31]
File: figs/fig2-12 facs filter.pdf Graphic file (type QTm)

<use  "figs/fig2-12 facs filter.pdf" >
File: figs/fig2-13 density 2NBDG.pdf Graphic file (type QTm)

<use  "figs/fig2-13 density 2NBDG.pdf" >
Underfull \hbox (badness 2285) in paragraph at lines 188--188
\T1/lmr/m/n/10 2NBDG in-cu-ba-tion and the one
 []

[32]
File: figs/fig2-14 facs glucose uptake.pdf Graphic file (type QTm)
 <use  "figs/fig2-14 facs glucose uptake.pdf" > [33]
File: figs/fig2-15 1st hepa glucose uptake facs.pdf Graphic file (type QTm)

<use  "figs/fig2-15 1st hepa glucose uptake facs.pdf" >
LaTeX Font Info:    Font shape `T1/lmss/bx/it' in size <14.4> not available
(Font)              Font shape `T1/lmss/bx/sl' tried instead on input line 212.

 [34]
File: figs/fig2-16 1st hepa tag.pdf Graphic file (type QTm)

<use  "figs/fig2-16 1st hepa tag.pdf" >
File: figs/fig2-17a 1st hepa glycogen.pdf Graphic file (type QTm)

<use  "figs/fig2-17a 1st hepa glycogen.pdf" >
File: figs/fig2-17b 1st hepa atp.pdf Graphic file (type QTm)

<use  "figs/fig2-17b 1st hepa atp.pdf" > [35]
File: figs/fig2-18 hepa tag rapamycin.pdf Graphic file (type QTm)

<use  "figs/fig2-18 hepa tag rapamycin.pdf" >
File: figs/fig2-19a hepa ffa uptake.pdf Graphic file (type QTm)

<use  "figs/fig2-19a hepa ffa uptake.pdf" >
File: figs/fig2-19b hepa ffa intracellular.pdf Graphic file (type QTm)

<use  "figs/fig2-19b hepa ffa intracellular.pdf" > [36] [37]
LaTeX Font Info:    Font shape `T1/lmss/bx/it' in size <17.28> not available
(Font)              Font shape `T1/lmss/bx/sl' tried instead on input line 273.

 [38]
File: figs/fig2-20a pilot qPCR.pdf Graphic file (type QTm)

<use  "figs/fig2-20a pilot qPCR.pdf" >
File: figs/fig2-20b kd in vivo protein.pdf Graphic file (type QTm)

<use  "figs/fig2-20b kd in vivo protein.pdf" > [39]
File: figs/fig2-21 serum ALT.pdf Graphic file (type QTm)

<use  "figs/fig2-21 serum ALT.pdf" > [40]
File: figs/fig2-22 body weight and echoMRI fat.pdf Graphic file (type QTm)

<use  "figs/fig2-22 body weight and echoMRI fat.pdf" >
File: figs/fig2-25 abd wat weight.pdf Graphic file (type QTm)

<use  "figs/fig2-25 abd wat weight.pdf" > [41]
File: figs/fig2-26 blood glucose.pdf Graphic file (type QTm)

<use  "figs/fig2-26 blood glucose.pdf" >
File: figs/fig2-28 serum insulin.pdf Graphic file (type QTm)

<use  "figs/fig2-28 serum insulin.pdf" >
File: figs/fig2-29 homa index.pdf Graphic file (type QTm)
 <use  "figs/fig2-29 homa index.pdf" >
File: figs/fig2-43 gtt.pdf Graphic file (type QTm)

<use  "figs/fig2-43 gtt.pdf" >
File: figs/fig2-44 AUC for gtt.pdf Graphic file (type QTm)
 <use  "figs/fig2-44 AUC for gtt.pdf" >
File: figs/fig2-45 serum ins for gtt.pdf Graphic file (type QTm)

<use  "figs/fig2-45 serum ins for gtt.pdf" > [42] [43] [44] [45]
File: figs/fig2-27 liver weight.pdf Graphic file (type QTm)

<use  "figs/fig2-27 liver weight.pdf" >
File: figs/fig2-30 liver glycogen.pdf Graphic file (type QTm)

<use  "figs/fig2-30 liver glycogen.pdf" > [46]
File: figs/fig2-31 liver tag.pdf Graphic file (type QTm)

<use  "figs/fig2-31 liver tag.pdf" >
File: figs/fig2-33 liver NEFA.pdf Graphic file (type QTm)
 <use  "figs/fig2-33 liver NEFA.pdf" >
File: figs/fig2-57 liver pilot tag.pdf Graphic file (type QTm)

<use  "figs/fig2-57 liver pilot tag.pdf" >
Underfull \hbox (badness 4699) in paragraph at lines 429--429
[][][]|\T1/lmr/m/n/10 Liver triglyc-eride in-creases af-ter
 []


Underfull \hbox (badness 1810) in paragraph at lines 429--429
\T1/lmr/m/n/10 PPP2R5C knock-down in ran-dom
 []


Underfull \hbox (badness 4024) in paragraph at lines 429--429
\T1/lmr/m/n/10 mice were in-jected with adeno-
 []

[47] [48]
File: figs/fig2-37 serum TKB.pdf Graphic file (type QTm)
 <use  "figs/fig2-37 serum TKB.pdf" >
File: figs/fig2-38 serum HB.pdf Graphic file (type QTm)

<use  "figs/fig2-38 serum HB.pdf" >
File: figs/fig2-39 serum KB ratio.pdf Graphic file (type QTm)
 <use  "figs/fig2-39 serum KB ratio.pdf" >
[49] [50]
File: figs/fig2-32 serum tag.pdf Graphic file (type QTm)
 <use  "figs/fig2-32 serum tag.pdf" > [51]
File: figs/fig2-34 serum NEFA.pdf Graphic file (type QTm)

<use  "figs/fig2-34 serum NEFA.pdf" > [52]
File: figs/fig2-42 fplc_profile.pdf Graphic file (type QTm)

<use  "figs/fig2-42 fplc_profile.pdf" >
File: figs/fig2-40 fplc_tag.pdf Graphic file (type QTm)
 <use  "figs/fig2-40 fplc_tag.pdf" >
File: figs/fig2-58 vldl_peak.pdf Graphic file (type QTm)

<use  "figs/fig2-58 vldl_peak.pdf" > [53] [54]
File: figs/fig2-41 fplc_chol.pdf Graphic file (type QTm)

<use  "figs/fig2-41 fplc_chol.pdf" >
File: figs/fig2-35 liver chol.pdf Graphic file (type QTm)
 <use  "figs/fig2-35 liver chol.pdf" >
File: figs/fig2-36 serum chol.pdf Graphic file (type QTm)

<use  "figs/fig2-36 serum chol.pdf" > [55] [56] [57]
File: figs/fig2-46 bioID scheme.png Graphic file (type QTm)

<use  "figs/fig2-46 bioID scheme.png" > [58]
File: figs/fig2-47 bioid target1.pdf Graphic file (type QTm)

<use  "figs/fig2-47 bioid target1.pdf" >
File: figs/fig2-48 bioid target2.pdf Graphic file (type QTm)

<use  "figs/fig2-48 bioid target2.pdf" > [59]
File: figs/fig2-50a ampk increase AV shR3.pdf Graphic file (type QTm)

<use  "figs/fig2-50a ampk increase AV shR3.pdf" >
File: figs/fig2-50b ampk increase.pdf Graphic file (type QTm)

<use  "figs/fig2-50b ampk increase.pdf" > [60]
File: figs/fig2-51 hif phospho.pdf Graphic file (type QTm)

<use  "figs/fig2-51 hif phospho.pdf" >
LaTeX Font Info:    Font shape `OMS/lmr/m/n' in size <7> not available
(Font)              Font shape `OMS/lmsy/m/n' tried instead on input line 597.
 [61]
File: figs/fig2-53 hif target 1st hepa.pdf Graphic file (type QTm)

<use  "figs/fig2-53 hif target 1st hepa.pdf" > [62] [63]
File: figs/fig2-52 aav liver srebp insulin signal.pdf Graphic file (type QTm)

<use  "figs/fig2-52 aav liver srebp insulin signal.pdf" > [64]
File: figs/fig2-54 srebp 1st hepa.pdf Graphic file (type QTm)

<use  "figs/fig2-54 srebp 1st hepa.pdf" > [65]
File: figs/fig2-55 liver srebp.pdf Graphic file (type QTm)

<use  "figs/fig2-55 liver srebp.pdf" > [66] [67]
File: figs/fig2-60 human ppp2r5c vs t2d GIR.pdf Graphic file (type QTm)

<use  "figs/fig2-60 human ppp2r5c vs t2d GIR.pdf" > [68]
File: figs/fig2-61 human ppp2r5c vs ob group.pdf Graphic file (type QTm)

<use  "figs/fig2-61 human ppp2r5c vs ob group.pdf" >
File: figs/fig2-62 corr change.pdf Graphic file (type QTm)

<use  "figs/fig2-62 corr change.pdf" > [69] [70]
File: figs/fig2-63 human ppp2r5c vs fpg IL6.pdf Graphic file (type QTm)

<use  "figs/fig2-63 human ppp2r5c vs fpg IL6.pdf" > [71]
File: figs/fig2-64 human adipose ppp2r5c.pdf Graphic file (type QTm)

<use  "figs/fig2-64 human adipose ppp2r5c.pdf" >) [72] [73]
Chapter 3.
Package biblatex Info: Resetting trackers on input line 312.
(./chapter/discussion.tex [74

] [75]
File: figs/fig2-56 whole organismal model.png Graphic file (type QTm)

<use  "figs/fig2-56 whole organismal model.png" > [76] [77]
File: figs/fig2-59 signaling model.png Graphic file (type QTm)

<use  "figs/fig2-59 signaling model.png" > [78] [79] [80] [81]) [82]
Chapter 4.
Package biblatex Info: Resetting trackers on input line 315.
(./chapter/Method.tex [83

] [84] [85] [86]
Overfull \hbox (4.30446pt too wide) in paragraph at lines 155--156
\T1/lmr/m/n/12 ~50 mg of frozen tis-sue were weighted and trans-ferred into a 2
 ml RNase/DNase/Protease-
 []

[87] [88] [89] [90] [91]
Missing character: There is no ’ in font ec-lmr12!
Missing character: There is no ’ in font ec-lmr12!
Missing character: There is no ’ in font ec-lmr12!
 [92] [93] [94]
Missing character: There is no ’ in font ec-lmr12!
 [95] [96] [97] [98] [99] [100]
Overfull \hbox (0.83925pt too wide) in paragraph at lines 344--345
\T1/lmr/m/n/12 Serum ALT (Ala-nine Amino-trans-ferase) ac-tiv-ity was mea-sured
 by the In-fin-ity ALT/GPT
 []

[101] [102]
LaTeX Font Info:    Try loading font information for OMS+lmss on input line 368
.
LaTeX Font Info:    No file OMSlmss.fd. on input line 368.


LaTeX Font Warning: Font shape `OMS/lmss/bx/n' undefined
(Font)              using `OMS/cmsy/m/n' instead on input line 368.

[103]) [104]
Appendix A.
Package biblatex Info: Resetting trackers on input line 322.
(./chapter/materials.tex
Underfull \hbox (badness 10000) in paragraph at lines 28--28
[]|\LGR/lmr/m/n/12 b\T1/lmr/m/n/12 -Glycerophosphate dis-
 []


Underfull \hbox (badness 2828) in paragraph at lines 36--36
[]|\T1/lmr/m/n/12 Magnesium sul-fate hep-
 []


Underfull \hbox (badness 6063) in paragraph at lines 52--52
[]|\T1/lmr/m/n/12 Di-Potassium Hy-dro-gen-
 []


Underfull \hbox (badness 10000) in paragraph at lines 53--53
[]|\T1/lmr/m/n/12 Potassium Di-hy-dro-gen-
 []


Underfull \hbox (badness 6063) in paragraph at lines 55--55
[]|\T1/lmr/m/n/12 Di-Potassium Hy-dro-gen-
 []


Underfull \hbox (badness 2253) in paragraph at lines 61--61
[]|\T1/lmr/m/n/12 Sodium hy-dro-gen-car-bon-
 []


Underfull \hbox (badness 10000) in paragraph at lines 62--62
[]|\T1/lmr/m/n/12 Sodium hy-dro-gen-phos-
 []


Underfull \hbox (badness 10000) in paragraph at lines 73--73
[]|\T1/lmr/m/n/12 Tryptone/peptone from
 []


Underfull \hbox (badness 6625) in paragraph at lines 75--75
[]|\T1/lmr/m/n/12 Nuclease Pro-tease Free
 []

[105

]
Underfull \hbox (badness 1210) in paragraph at lines 86--86
[]|\T1/lmr/m/n/12 NHS-activated Sepharose
 []


Underfull \hbox (badness 10000) in paragraph at lines 87--87
[]|\T1/lmr/m/n/12 monoclonal anti-HA
 []


Underfull \hbox (badness 10000) in paragraph at lines 93--93
[]|\T1/lmr/m/n/12 GelCode Blue Stain
 []


Underfull \hbox (badness 10000) in paragraph at lines 94--94
[]|\T1/lmr/m/n/12 Glucose (HK) as-say
 []

[106]
Underfull \hbox (badness 10000) in paragraph at lines 98--98
[]|\T1/lmr/m/n/12 Protease in-hibitor mix
 []


Underfull \hbox (badness 1320) in paragraph at lines 99--99
[]|\T1/lmr/m/n/12 Ultrasensitive mouse In-
 []


Underfull \hbox (badness 5802) in paragraph at lines 102--102
[]|\T1/lmr/m/n/12 Freund's Ad-ju-vant, In-
 []


Underfull \hbox (badness 10000) in paragraph at lines 105--105
[]|\T1/lmr/m/n/12 Puromycin di-hy-drochlo-
 []


Underfull \hbox (badness 2359) in paragraph at lines 115--115
[]|\T1/lmr/m/n/12 BLOCK-iT$[]$ U6 RNAi
 []

[107]
Underfull \hbox (badness 10000) in paragraph at lines 118--119
[]|\T1/lmr/m/n/12 415-73301&411-
 []


Underfull \hbox (badness 10000) in paragraph at lines 119--120
[]|\T1/lmr/m/n/12 999-34691&991-
 []

[108] [109]
Overfull \hbox (1.94666pt too wide) in alignment at lines 184--189
 [] [] 
 []


Overfull \hbox (1.94666pt too wide) in alignment at lines 189--193
 [] [] 
 []


Overfull \hbox (1.94666pt too wide) in alignment at lines 193--195
 [] [] 
 []

Missing character: There is no ̈ in font ec-lmr12!
Missing character: There is no ̈ in font ec-lmr12!
Missing character: There is no ̈ in font ec-lmr12!

Overfull \hbox (1.94666pt too wide) in alignment at lines 195--216
 [] [] 
 []

Missing character: There is no ̈ in font ec-lmr12!
Missing character: There is no ̈ in font ec-lmr12!
Missing character: There is no ̈ in font ec-lmr12!

Overfull \hbox (1.94666pt too wide) in alignment at lines 216--229
 [] [] 
 []

[110]
LaTeX Font Info:    Font shape `OMS/lmr/m/n' in size <12> not available
(Font)              Font shape `OMS/lmsy/m/n' tried instead on input line 249.
 [111]
Overfull \hbox (30.18616pt too wide) in alignment at lines 268--273
 [] [] [] 
 []


Overfull \hbox (30.18616pt too wide) in alignment at lines 273--277
 [] [] [] 
 []


Overfull \hbox (30.18616pt too wide) in alignment at lines 277--280
 [] [] [] 
 []


Underfull \hbox (badness 3417) in paragraph at lines 281--282
[]|\T1/lmr/m/n/12 Foward primer for mPPP2R5C
 []


Underfull \hbox (badness 2443) in paragraph at lines 282--283
[]|\T1/lmr/m/n/12 Reverse primer for mPPP2R5C
 []


Underfull \hbox (badness 3417) in paragraph at lines 283--284
[]|\T1/lmr/m/n/12 Foward primer for mPPP2R5C
 []


Underfull \hbox (badness 2443) in paragraph at lines 284--285
[]|\T1/lmr/m/n/12 Reverse primer for mPPP2R5C
 []


Underfull \hbox (badness 3417) in paragraph at lines 285--286
[]|\T1/lmr/m/n/12 Foward primer for mPPP2R5C
 []


Underfull \hbox (badness 2443) in paragraph at lines 286--287
[]|\T1/lmr/m/n/12 Reverse primer for mPPP2R5C
 []


Underfull \hbox (badness 3417) in paragraph at lines 287--288
[]|\T1/lmr/m/n/12 Foward primer for mPPP2R5C
 []


Underfull \hbox (badness 2443) in paragraph at lines 288--289
[]|\T1/lmr/m/n/12 Reverse primer for mPPP2R5C
 []


Overfull \hbox (30.18616pt too wide) in alignment at lines 280--301
 [] [] [] 
 []


Overfull \hbox (30.18616pt too wide) in alignment at lines 301--314
 [] [] [] 
 []

[112] [113]) [114]
Appendix B.
Package biblatex Info: Resetting trackers on input line 326.
(./chapter/suppl_tab.tex [115

] [116]) [117]
LaTeX Font Info:    Try loading font information for T1+lmtt on input line 335.


(/usr/local/texlive/2014/texmf-dist/tex/latex/lm/t1lmtt.fd
File: t1lmtt.fd 2009/10/30 v1.6 Font defs for Latin Modern
) [118

] [119]
Missing character: There is no – in font ec-lmr12!

[120]
Missing character: There is no – in font ec-lmr12!
Missing character: There is no – in font ec-lmr12!
 [121]
Missing character: There is no α in font ec-lmr12!
Missing character: There is no β in font ec-lmr12!
Missing character: There is no α in font ec-lmr12!
 [122]
Missing character: There is no α in font ec-lmr12!
Missing character: There is no α in font ec-lmr12!
 [123]
Missing character: There is no ′ in font ec-lmr12!
 [124] [125] [126]
Missing character: There is no γ in font ec-lmr12!
Missing character: There is no γ in font ec-lmr12!
Missing character: There is no γ in font ec-lmr12!
Missing character: There is no γ in font ec-lmr12!
Missing character: There is no κ in font ec-lmr12!
Missing character: There is no κ in font ec-lmr12!
 [127]
Missing character: There is no ’ in font ec-lmr12!
 [128]
Missing character: There is no α in font ec-lmr12!

Overfull \hbox (0.55594pt too wide) in paragraph at lines 336--336
\T1/lmr/m/n/12 Colin D. Mal-one, Ross A. Dick-ins, Qikai Xu, Michael O. Hen-gar
t-ner, Stephen J.
 []

[129] [130]
Missing character: There is no “ in font ec-lmr12!
Missing character: There is no ” in font ec-lmr12!
 [131]
Missing character: There is no α in font ec-lmr12!
Missing character: There is no α in font ec-lmr12!
Missing character: There is no α in font ec-lmr12!
 [132]
Missing character: There is no ’ in font ec-lmr12!
Missing character: There is no β in font ec-lmr12!
 [133] [134] [135]
Missing character: There is no α in font ec-lmr12!
 [136]
Missing character: There is no γ in font ec-lmr12!
Missing character: There is no γ in font ec-lmr12!
 [137] [138] [139] (./main.gls2
[140


] [141] [142]) (./main.acr)
Package atveryend Info: Empty hook `BeforeClearDocument' on input line 339.
 [143]
Package atveryend Info: Empty hook `AfterLastShipout' on input line 339.
 (./main.aux)
Package atveryend Info: Empty hook `AtVeryEndDocument' on input line 339.
Package atveryend Info: Empty hook `AtEndAfterFileList' on input line 339.


LaTeX Font Warning: Some font shapes were not available, defaults substituted.

Package logreq Info: Writing requests to 'main.run.xml'.
\openout1 = `main.run.xml'.

Package atveryend Info: Empty hook `AtVeryVeryEnd' on input line 339.
 ) 
Here is how much of TeX's memory you used:
 28001 strings out of 493724
 466807 string characters out of 6145898
 1051826 words of memory out of 5000000
 30767 multiletter control sequences out of 15000+600000
 140942 words of font info for 94 fonts, out of 8000000 for 9000
 1328 hyphenation exceptions out of 8191
 57i,19n,85p,2907b,3054s stack positions out of 5000i,500n,10000p,200000b,80000s

Output written on main.pdf (165 pages).
